<?xml version="1.0" encoding="UTF-8"?>
<!-- Generated by org.testng.reporters.JUnitXMLReporter -->
<testsuite ignored="2" hostname="swathi" failures="0" tests="2" name="Test-Runner-1" time="41.611" errors="0" timestamp="2023-06-22T16:23:10 IST">
  <testcase classname="vtiger.Products.CreateNewProductWithBaseClassTest" name="createProduct" time="9.068"/>
  <testcase classname="vtiger.Campaign.CreateNewCampaignWithProductWithBaseClassTest" name="createCamapignWithProduct" time="17.413"/>
  <testcase classname="genericUtilities.BaseClass" name="@AfterSuite as" time="0.0">
    <ignored/>
  </testcase> <!-- @AfterSuite as -->
  <testcase classname="genericUtilities.BaseClass" name="@BeforeSuite bs" time="0.0">
    <ignored/>
  </testcase> <!-- @BeforeSuite bs -->
</testsuite> <!-- Test-Runner-1 -->
