<?xml version="1.0" encoding="UTF-8"?>
<!-- Generated by org.testng.reporters.JUnitReportReporter -->
<testsuite hostname="swathi" failures="0" tests="1" name="vtiger.Products.CreateNewProductWithBaseClassTest" time="24.531" errors="0" timestamp="2023-06-23T15:56:05 IST" skipped="0">
  <testcase classname="vtiger.Products.CreateNewProductWithBaseClassTest" name="createProduct" time="24.531"/>
  <system-out/>
</testsuite> <!-- vtiger.Products.CreateNewProductWithBaseClassTest -->
