<?xml version="1.0" encoding="UTF-8"?>
<!-- Generated by org.testng.reporters.JUnitReportReporter -->
<testsuite hostname="swathi" failures="0" tests="1" name="vtiger.Campaign.CreateNewCampaignWithProduct" time="24.555" errors="0" timestamp="2023-06-22T12:20:49 IST" skipped="0">
  <testcase classname="vtiger.Campaign.CreateNewCampaignWithProduct" name="createCampaignWithproduct" time="24.555"/>
  <system-out/>
</testsuite> <!-- vtiger.Campaign.CreateNewCampaignWithProduct -->
