<?xml version="1.0" encoding="UTF-8"?>
<!-- Generated by org.testng.reporters.JUnitReportReporter -->
<testsuite hostname="swathi" failures="0" tests="1" name="vtiger.practice.Login" time="7.415" errors="0" timestamp="2023-06-22T15:49:53 IST" skipped="0">
  <testcase classname="vtiger.practice.Login" name="login" time="7.415"/>
  <system-out/>
</testsuite> <!-- vtiger.practice.Login -->
