<?xml version="1.0" encoding="UTF-8"?>
<!-- Generated by org.testng.reporters.JUnitReportReporter -->
<testsuite hostname="swathi" failures="0" tests="1" name="vtiger.practice.Product" time="16.822" errors="0" timestamp="2023-06-22T11:33:57 IST" skipped="0">
  <testcase classname="vtiger.practice.Product" name="createProduct" time="16.822"/>
  <system-out/>
</testsuite> <!-- vtiger.practice.Product -->
