<?xml version="1.0" encoding="UTF-8"?>
<!-- Generated by org.testng.reporters.JUnitReportReporter -->
<testsuite hostname="swathi" failures="0" tests="1" name="vtiger.Campaign.CreateNewCampaignWithProductWithBaseClassTest" time="20.911" errors="0" timestamp="2023-06-23T15:56:05 IST" skipped="0">
  <testcase classname="vtiger.Campaign.CreateNewCampaignWithProductWithBaseClassTest" name="createCamapignWithProduct" time="20.911"/>
  <system-out/>
</testsuite> <!-- vtiger.Campaign.CreateNewCampaignWithProductWithBaseClassTest -->
