<?xml version="1.0" encoding="UTF-8"?>
<!-- Generated by org.testng.reporters.JUnitReportReporter -->
<testsuite hostname="swathi" failures="0" tests="1" name="vtiger.Campaign.CreateCampaignWithMultipleStatusTest" time="0.000" errors="0" timestamp="2023-06-22T22:28:13 IST" skipped="1">
  <testcase classname="vtiger.Campaign.CreateCampaignWithMultipleStatusTest" name="createCampaignWithMultipleStaus" time="0.000">
    <skipped/>
  </testcase> <!-- createCampaignWithMultipleStaus -->
  <system-out/>
</testsuite> <!-- vtiger.Campaign.CreateCampaignWithMultipleStatusTest -->
